<?xml version="1.0" encoding="UTF-8"?>
<!-- Generated by org.testng.reporters.JUnitReportReporter -->
<testsuite hostname="TYSS-Akash-Deb" failures="0" tests="1" name="leads_Module.ToCreateLeadTest" time="19.117" errors="0" timestamp="2023-10-20T14:51:52 IST" skipped="0">
  <testcase classname="leads_Module.ToCreateLeadTest" name="toCreateALeadAndToVerifyTheLeadInformationTest" time="19.117"/>
</testsuite> <!-- leads_Module.ToCreateLeadTest -->
