<?xml version="1.0" encoding="UTF-8"?>
<!-- Generated by org.testng.reporters.JUnitReportReporter -->
<testsuite hostname="TYSS-Akash-Deb" failures="0" tests="1" name="product_Module.ToCreateAProductTest" time="29.510" errors="0" timestamp="2023-10-20T14:51:52 IST" skipped="0">
  <testcase classname="product_Module.ToCreateAProductTest" name="toCreateAProductWithVendorInformationTest" time="29.510"/>
</testsuite> <!-- product_Module.ToCreateAProductTest -->
