<?xml version="1.0" encoding="UTF-8"?>
<!-- Generated by org.testng.reporters.JUnitReportReporter -->
<testsuite hostname="TYSS-Akash-Deb" failures="0" tests="1" name="leads_Module.ToCreateLeadTest" time="58.591" errors="0" timestamp="2023-10-19T14:49:31 IST" skipped="0">
  <testcase classname="leads_Module.ToCreateLeadTest" name="toCreateALeadAndToVerifyTheLeadInformationTest" time="58.591"/>
</testsuite> <!-- leads_Module.ToCreateLeadTest -->
